[11:03:01.070] [RECV] rec
[11:03:01.103] [SEND] OK)REC
[11:03:08.597] [SEND] SC)REC:00101_01001
[14:52:39.524] [SYS] ============================================
[14:52:39.561] [SYS]     PROGRAM STARTED    
[14:52:39.562] [SYS] ============================================
[14:53:05.120] [SYS] ============================================
[14:53:05.154] [SYS]     PROGRAM STARTED    
[14:53:05.155] [SYS] ============================================
[14:54:32.671] [SYS] ============================================
[14:54:32.703] [SYS]     PROGRAM STARTED    
[14:54:32.704] [SYS] ============================================
[14:57:57.051] [SYS] ============================================
[14:57:57.085] [SYS]     PROGRAM STARTED    
[14:57:57.086] [SYS] ============================================
[14:58:10.332] [SEND] NK)rec
[14:58:19.398] [SEND] NK)rec
[14:58:25.990] [SEND] NK)cap
[14:58:41.510] [SEND] NK)cap
[14:58:52.967] [SYS] ============================================
[14:58:53.001] [SYS]     PROGRAM STARTED    
[14:58:53.002] [SYS] ============================================
[14:59:00.185] [SEND] NK)cap
[14:59:03.415] [SEND] NK)rec
[14:59:19.335] [SEND] NK)exit_ok
[14:59:35.673] [SEND] NK)rec
[15:00:08.481] [SYS] ============================================
[15:00:08.515] [SYS]     PROGRAM STARTED    
[15:00:08.516] [SYS] ============================================
[15:00:15.001] [SEND] NK)rec
[15:01:14.376] [SEND] NK)rec
[15:03:44.519] [SEND] OK)REC
[15:03:48.722] [SEND] SC)REC:00101_01001
[15:04:26.983] [SEND] OK)REC
[15:04:28.981] [SEND] FA)REC:Cancelled
[15:04:33.524] [SEND] NK)rec
[15:04:44.307] [SYS] ============================================
[15:04:44.340] [SYS]     PROGRAM STARTED    
[15:04:44.340] [SYS] ============================================
[15:04:50.040] [SEND] OK)REC
[15:04:52.592] [SEND] FA)REC:Cancelled
[15:04:55.702] [SEND] OK)REC
[15:04:57.763] [SEND] FA)REC:Cancelled
[15:05:03.205] [SEND] OK)REC
[15:05:06.073] [SEND] SC)REC:00101_01001
[15:55:04.418] [SYS] ============================================
[15:55:04.453] [SYS]     PROGRAM STARTED    
[15:55:04.454] [SYS] ============================================
[15:55:21.243] [SEND] OK)REG:00101_01001
[15:55:29.170] [SEND] SC)REG:00101_01001
[15:55:41.218] [SEND] OK)REG:00101_01001
[15:55:51.924] [SEND] SC)REG:00101_01001
[15:56:23.491] [SEND] OK)REG:00101_01001
[15:56:28.403] [SEND] SC)REG:00101_01001
[15:56:43.426] [SEND] OK)REG:00101_01001
[15:56:51.436] [SEND] SC)REG:00101_01001
[15:59:04.145] [SEND] SC)EXIT_OK
[15:59:04.544] [SYS] ============================================
[15:59:04.545] [SYS]     PROGRAM TERMINATED (Normal/Force)    
[15:59:04.546] [SYS] ============================================
[16:01:22.732] [SYS] ============================================
[16:01:22.768] [SYS]     PROGRAM STARTED    
[16:01:22.770] [SYS] ============================================
[16:01:30.164] [SEND] OK)REC
[16:01:33.071] [SEND] SC)REC:00101_01001
[16:01:40.786] [SEND] SC)EXIT_OK
[16:01:41.056] [SYS] ============================================
[16:01:41.057] [SYS]     PROGRAM TERMINATED (Normal/Force)    
[16:01:41.057] [SYS] ============================================
[16:02:24.584] [SYS] ============================================
[16:02:24.616] [SYS]     PROGRAM STARTED    
[16:02:24.617] [SYS] ============================================
[16:02:33.204] [SEND] SC)EXIT_OK
[16:02:33.614] [SYS] ============================================
[16:02:33.616] [SYS]     PROGRAM TERMINATED (Normal/Force)    
[16:02:33.617] [SYS] ============================================
[16:06:25.455] [SYS] ============================================
[16:06:25.497] [SYS]     PROGRAM STARTED    
[16:06:25.498] [SYS] ============================================
[16:34:44.314] [SYS] [설정] 디버그 모드: ON (로그 기록)
[16:34:44.351] [SYS] [설정] 캡처 저장 경로 변경됨: C:\CAM1
[16:34:44.352] [SYS] ============================================
[16:34:44.353] [SYS]     PROGRAM STARTED    
[16:34:44.354] [SYS] ============================================
[16:34:45.577] [AI] [시스템] ArcFace 모델 로드 성공 (Net 초기화 완료)
[16:34:45.599] [SYS] [시스템] 데이터 로딩 완료: 8명
[16:34:46.616] [SYS] [시스템] 소켓 서버와 UI 연결 완료
[16:35:03.555] [SEND] SC)EXIT_OK
[16:35:03.878] [SYS] ============================================
[16:35:03.880] [SYS]     PROGRAM TERMINATED (Normal/Force)    
[16:35:03.881] [SYS] ============================================
[16:40:19.927] [SYS] [설정] 디버그 모드: ON (로그 기록)
[16:40:19.972] [SYS] [설정] 캡처 저장 경로 변경됨: C:\CAM1
[16:40:19.975] [SYS] ============================================
[16:40:19.976] [SYS]     PROGRAM STARTED    
[16:40:19.977] [SYS] ============================================
[16:40:21.228] [AI] [시스템] ArcFace 모델 로드 성공 (Net 초기화 완료)
[16:40:21.247] [SYS] [시스템] 데이터 로딩 완료: 8명
[16:40:22.266] [SYS] [시스템] 소켓 서버와 UI 연결 완료
[16:47:21.954] [SEND] OK)REC
[16:47:25.504] [SEND] SC)REC:00101_01001
[16:47:47.935] [SEND] SC)EXIT_OK
[16:47:48.227] [SYS] ============================================
[16:47:48.227] [SYS]     PROGRAM TERMINATED (Normal/Force)    
[16:47:48.229] [SYS] ============================================
