[11:44:20.512] [PERF] Socket Opened (Port 5001): 19ms
[11:44:21.223] [PERF] Splash/Icon Visible: 732ms (Diff: 713ms)
[11:44:21.332] [PERF] JNA Library Loaded: 844ms (Diff: 112ms)
[11:44:21.334] [PERF] Before FaceSecApp(): 845ms
[11:44:21.425] [SYS] [설정] 디버그 모드: ON
[11:44:21.431] [SYS] ============================================
[11:44:21.432] [SYS]     PROGRAM STARTED (Fast Text-Init Mode) 
[11:44:21.432] [SYS] ============================================
[11:44:22.417] [PERF] UI Build Finished: 993ms from Constructor start
[11:44:22.423] [PERF] [Thread] AI Loading Started
[11:44:22.429] [PERF] [Thread] OpenCV/DLL Loaded: 6ms
[11:44:22.431] [PERF] App Visible & Ready: 1943ms
[11:44:24.418] [AI] [시스템] ArcFace 모델 로드 성공 (Net 초기화 완료)
[11:44:24.422] [PERF] [Thread] ONNX Model Parsed: 1991ms
[11:44:24.717] [PERF] [Thread] User DB Loaded (232 users): 296ms
[11:44:24.719] [PERF] [Thread] Total AI Setup Time: 2296ms
[11:44:27.108] [SYS] [종료] 사용자가 X 버튼(또는 Alt+F4)으로 종료함
[11:44:27.465] [SYS] ============================================
[11:44:27.466] [SYS]     PROGRAM TERMINATED (Normal Exit)        
[11:44:27.468] [SYS] ============================================
