[17:25:41.177] [SYS] ============================================
[17:25:41.219] [SYS]     PROGRAM STARTED    
[17:25:41.220] [SYS] ============================================
[17:25:41.226] [SYS] [설정] 디버그 모드: ON (로그 기록)
[17:25:41.228] [SYS] [설정] 캡처 저장 경로 변경됨: C:\CAM1
[17:25:43.697] [AI] [시스템] ArcFace 모델 로드 성공 (Net 초기화 완료)
[17:25:46.775] [SYS] [시스템] 소켓 서버와 UI 연결 완료
[17:26:11.629] [SYS] [시스템] 데이터 로딩 완료: 200명
[17:26:24.049] [RECV] rec
[17:26:24.050] [SEND] OK)REC
[17:26:26.983] [SEND] SC)REC:00101_01001
[17:26:37.721] [RECV] rec
[17:26:37.723] [SEND] OK)REC
[17:26:40.572] [SEND] SC)REC:00101_01001
[17:26:54.410] [RECV] REG:00101_01001
[17:26:54.411] [SEND] OK)REG:00101_01001
[17:27:06.707] [SEND] SC)REG:00101_01001
[17:29:25.834] [RECV] rec
[17:29:25.836] [SEND] OK)REC
[17:29:32.245] [SEND] SC)REC:00101_01001
[17:29:37.880] [RECV] rec
[17:29:37.881] [SEND] OK)REC
[17:29:51.604] [SEND] SC)REC:00101_01001
[17:35:29.002] [RECV] rec
[17:35:29.003] [SEND] OK)REC
[17:35:32.740] [SEND] SC)REC:00101_01001
[17:35:41.290] [RECV] REG:00101_01001
[17:35:41.290] [SEND] OK)REG:00101_01001
[17:36:13.292] [SEND] FA)REG:Timeout
[17:49:06.914] [SYS] ============================================
[17:49:06.955] [SYS]     PROGRAM STARTED    
[17:49:06.956] [SYS] ============================================
[17:49:06.957] [SYS] [설정] 디버그 모드: ON (로그 기록)
[17:49:06.959] [SYS] [설정] 캡처 저장 경로 변경됨: C:\CAM1
[17:49:10.136] [AI] [시스템] ArcFace 모델 로드 성공 (Net 초기화 완료)
[17:49:10.239] [SYS] [시스템] 데이터 로딩 완료: 201명
[17:49:12.171] [SYS] [시스템] 소켓 서버와 UI 연결 완료
[17:49:20.188] [RECV] rec
[17:49:20.189] [SEND] OK)REC
[17:49:29.262] [SEND] FA)REC:Cancelled
[17:49:35.596] [SYS] ============================================
[17:49:35.629] [SYS]     PROGRAM STARTED    
[17:49:35.630] [SYS] ============================================
[17:49:35.633] [SYS] [설정] 디버그 모드: ON (로그 기록)
[17:49:35.634] [SYS] [설정] 캡처 저장 경로 변경됨: C:\CAM1
[17:49:38.478] [AI] [시스템] ArcFace 모델 로드 성공 (Net 초기화 완료)
[17:49:38.571] [SYS] [시스템] 데이터 로딩 완료: 201명
[17:49:39.545] [SYS] [시스템] 소켓 서버와 UI 연결 완료
[17:49:52.461] [RECV] rec
[17:49:52.462] [SEND] OK)REC
[17:49:57.380] [SEND] FA)REC:Cancelled
[17:55:21.483] [SYS] ============================================
[17:55:21.516] [SYS]     PROGRAM STARTED    
[17:55:21.518] [SYS] ============================================
[17:55:21.520] [SYS] [설정] 디버그 모드: ON (로그 기록)
[17:55:21.522] [SYS] [설정] 캡처 저장 경로 변경됨: C:\CAM1
[17:55:24.399] [AI] [시스템] ArcFace 모델 로드 성공 (Net 초기화 완료)
[17:55:24.503] [SYS] [시스템] 데이터 로딩 완료: 201명
[17:55:25.514] [SYS] [시스템] 소켓 서버와 UI 연결 완료
[17:55:27.486] [RECV] rec
[17:55:27.487] [SEND] OK)REC
[17:55:32.240] [SEND] FA)REC:Cancelled
[17:57:46.276] [SYS] ============================================
[17:57:46.314] [SYS]     PROGRAM STARTED    
[17:57:46.315] [SYS] ============================================
[17:57:46.316] [SYS] [설정] 디버그 모드: ON (로그 기록)
[17:57:46.317] [SYS] [설정] 캡처 저장 경로 변경됨: C:\CAM1
[17:57:49.170] [AI] [시스템] ArcFace 모델 로드 성공 (Net 초기화 완료)
[17:57:49.283] [SYS] [시스템] 데이터 로딩 완료: 201명
[17:57:50.285] [SYS] [시스템] 소켓 서버와 UI 연결 완료
[17:57:52.557] [RECV] rec
[17:57:52.558] [SEND] OK)REC
[17:57:57.876] [SEND] FA)REC:Cancelled
[18:02:42.562] [SYS] ============================================
[18:02:42.599] [SYS]     PROGRAM STARTED    
[18:02:42.600] [SYS] ============================================
[18:02:42.601] [SYS] [설정] 디버그 모드: ON (로그 기록)
[18:02:42.603] [SYS] [설정] 캡처 저장 경로 변경됨: C:\CAM1
[18:02:45.496] [AI] [시스템] ArcFace 모델 로드 성공 (Net 초기화 완료)
[18:02:45.597] [SYS] [시스템] 데이터 로딩 완료: 201명
[18:02:46.604] [SYS] [시스템] 소켓 서버와 UI 연결 완료
[18:02:52.878] [RECV] rec
[18:02:52.878] [SEND] OK)REC
[18:02:57.345] [SEND] FA)REC:Cancelled
[18:03:38.200] [SYS] ============================================
[18:03:38.238] [SYS]     PROGRAM STARTED    
[18:03:38.239] [SYS] ============================================
[18:03:38.241] [SYS] [설정] 디버그 모드: ON (로그 기록)
[18:03:38.242] [SYS] [설정] 캡처 저장 경로 변경됨: C:\CAM1
[18:03:39.656] [AI] [시스템] ArcFace 모델 로드 성공 (Net 초기화 완료)
[18:03:39.773] [SYS] [시스템] 데이터 로딩 완료: 201명
[18:03:40.799] [SYS] [시스템] 소켓 서버와 UI 연결 완료
[18:03:45.918] [RECV] rec
[18:03:45.919] [SEND] OK)REC
[18:03:49.450] [SEND] FA)REC:Cancelled
[18:04:16.437] [SYS] ============================================
[18:04:16.471] [SYS]     PROGRAM STARTED    
[18:04:16.472] [SYS] ============================================
[18:04:16.474] [SYS] [설정] 디버그 모드: ON (로그 기록)
[18:04:16.475] [SYS] [설정] 캡처 저장 경로 변경됨: C:\CAM1
[18:04:17.724] [AI] [시스템] ArcFace 모델 로드 성공 (Net 초기화 완료)
[18:04:17.827] [SYS] [시스템] 데이터 로딩 완료: 201명
[18:04:18.812] [SYS] [시스템] 소켓 서버와 UI 연결 완료
[18:04:22.141] [RECV] rec
[18:04:22.143] [SEND] OK)REC
[18:04:26.454] [SEND] FA)REC:Cancelled
[18:04:48.479] [SYS] ============================================
[18:04:48.518] [SYS]     PROGRAM STARTED    
[18:04:48.519] [SYS] ============================================
[18:04:48.521] [SYS] [설정] 디버그 모드: ON (로그 기록)
[18:04:48.522] [SYS] [설정] 캡처 저장 경로 변경됨: C:\CAM1
[18:04:49.773] [AI] [시스템] ArcFace 모델 로드 성공 (Net 초기화 완료)
[18:04:49.886] [SYS] [시스템] 데이터 로딩 완료: 201명
[18:04:50.882] [SYS] [시스템] 소켓 서버와 UI 연결 완료
[18:04:57.871] [RECV] rec
[18:04:57.871] [SEND] OK)REC
[18:05:02.616] [SEND] FA)REC:Cancelled
[18:05:17.498] [SYS] ============================================
[18:05:17.531] [SYS]     PROGRAM STARTED    
[18:05:17.532] [SYS] ============================================
[18:05:17.534] [SYS] [설정] 디버그 모드: ON (로그 기록)
[18:05:17.536] [SYS] [설정] 캡처 저장 경로 변경됨: C:\CAM1
[18:05:18.759] [AI] [시스템] ArcFace 모델 로드 성공 (Net 초기화 완료)
[18:05:18.858] [SYS] [시스템] 데이터 로딩 완료: 201명
[18:05:19.832] [SYS] [시스템] 소켓 서버와 UI 연결 완료
[18:05:26.846] [RECV] rec
[18:05:26.847] [SEND] OK)REC
[18:05:29.771] [SEND] FA)REC:Cancelled
[18:08:20.057] [SYS] ============================================
[18:08:20.091] [SYS]     PROGRAM STARTED    
[18:08:20.092] [SYS] ============================================
[18:08:20.095] [SYS] [설정] 디버그 모드: ON (로그 기록)
[18:08:20.098] [SYS] [설정] 캡처 저장 경로 변경됨: C:\CAM1
[18:08:22.450] [AI] [시스템] ArcFace 모델 로드 성공 (Net 초기화 완료)
[18:08:22.654] [SYS] [시스템] 데이터 로딩 완료: 201명
[18:08:23.812] [SYS] [시스템] 소켓 서버와 UI 연결 완료
[18:08:33.363] [RECV] rec
[18:08:33.365] [SEND] OK)REC
[18:08:40.777] [SEND] FA)REC:Cancelled
[18:08:44.331] [SYS] ============================================
[18:08:44.332] [SYS]     PROGRAM TERMINATED (Normal/Force)    
[18:08:44.332] [SYS] ============================================
[18:09:28.485] [SYS] ============================================
[18:09:28.520] [SYS]     PROGRAM STARTED    
[18:09:28.521] [SYS] ============================================
[18:09:28.522] [SYS] [설정] 디버그 모드: ON (로그 기록)
[18:09:28.524] [SYS] [설정] 캡처 저장 경로 변경됨: C:\CAM1
[18:09:29.752] [AI] [시스템] ArcFace 모델 로드 성공 (Net 초기화 완료)
[18:09:29.852] [SYS] [시스템] 데이터 로딩 완료: 201명
[18:09:30.811] [SYS] [시스템] 소켓 서버와 UI 연결 완료
[18:09:33.038] [RECV] rec
[18:09:33.039] [SEND] OK)REC
[18:09:36.332] [SEND] SC)REC:00101_01001
