[17:04:55.470] [SYS] [설정] 디버그 모드: ON (로그 기록)
[17:04:55.504] [SYS] ============================================
[17:04:55.505] [SYS]     PROGRAM STARTED    
[17:04:55.507] [SYS] ============================================
[17:04:56.773] [AI] [시스템] ArcFace 모델 로드 성공 (Net 초기화 완료)
[17:53:28.549] [SYS] [설정] 디버그 모드: ON (로그 기록)
[17:53:28.585] [SYS] ============================================
[17:53:28.586] [SYS]     PROGRAM STARTED    
[17:53:28.587] [SYS] ============================================
[17:53:29.840] [AI] [시스템] ArcFace 모델 로드 성공 (Net 초기화 완료)
[17:54:18.937] [SEND] OK)REC
[17:54:22.389] [SEND] SC)REC:00101_01001
[17:54:29.290] [SEND] OK)REG:00101_01001
[17:54:57.635] [SEND] SC)REG:00101_01001
[18:11:32.959] [SYS] [설정] 디버그 모드: ON (로그 기록)
[18:11:32.993] [SYS] ============================================
[18:11:32.994] [SYS]     PROGRAM STARTED    
[18:11:32.995] [SYS] ============================================
[18:11:34.244] [AI] [시스템] ArcFace 모델 로드 성공 (Net 초기화 완료)
[18:11:36.603] [SEND] OK)REC
[18:11:41.970] [SEND] SC)REC:00101_01001
[18:12:30.700] [SYS] [설정] 디버그 모드: ON (로그 기록)
[18:12:30.734] [SYS] ============================================
[18:12:30.734] [SYS]     PROGRAM STARTED    
[18:12:30.735] [SYS] ============================================
[18:12:31.983] [AI] [시스템] ArcFace 모델 로드 성공 (Net 초기화 완료)
[18:12:36.971] [SEND] OK)REC
[18:12:40.184] [SEND] SC)REC:00101_01001
[18:12:43.945] [SEND] OK)REC
[18:12:55.061] [SEND] FA)REC:Cancelled
[18:12:59.017] [SEND] OK)REC
[18:13:05.112] [SEND] FA)REC:Cancelled
[18:13:31.720] [SYS] [설정] 디버그 모드: ON (로그 기록)
[18:13:31.755] [SYS] ============================================
[18:13:31.756] [SYS]     PROGRAM STARTED    
[18:13:31.757] [SYS] ============================================
[18:13:32.979] [AI] [시스템] ArcFace 모델 로드 성공 (Net 초기화 완료)
[18:13:37.212] [SEND] OK)REC
[18:13:47.853] [SEND] FA)REC:Cancelled
[18:14:05.112] [SYS] [설정] 디버그 모드: ON (로그 기록)
[18:14:05.146] [SYS] ============================================
[18:14:05.147] [SYS]     PROGRAM STARTED    
[18:14:05.148] [SYS] ============================================
[18:14:06.386] [AI] [시스템] ArcFace 모델 로드 성공 (Net 초기화 완료)
[18:14:07.500] [SEND] OK)REC
[18:14:19.509] [SEND] FA)REC
[18:14:55.378] [SYS] [설정] 디버그 모드: ON (로그 기록)
[18:14:55.419] [SYS] ============================================
[18:14:55.420] [SYS]     PROGRAM STARTED    
[18:14:55.422] [SYS] ============================================
[18:14:56.652] [AI] [시스템] ArcFace 모델 로드 성공 (Net 초기화 완료)
[18:14:58.092] [SEND] OK)REC
[18:15:20.095] [SEND] FA)REC
[18:15:37.006] [SYS] [설정] 디버그 모드: ON (로그 기록)
[18:15:37.040] [SYS] ============================================
[18:15:37.040] [SYS]     PROGRAM STARTED    
[18:15:37.042] [SYS] ============================================
[18:15:38.258] [AI] [시스템] ArcFace 모델 로드 성공 (Net 초기화 완료)
[18:15:42.029] [SEND] OK)REC
[18:16:06.032] [SEND] FA)REC
[18:16:13.689] [SEND] OK)REG:00101_01001
[18:16:24.165] [SEND] FA)REG:00101_01001
[18:16:28.217] [SEND] OK)REG:00101_01001
[18:17:00.219] [SEND] FA)REG:Timeout
[18:17:47.989] [SYS] [설정] 디버그 모드: ON (로그 기록)
[18:17:48.026] [SYS] ============================================
[18:17:48.026] [SYS]     PROGRAM STARTED    
[18:17:48.027] [SYS] ============================================
[18:17:49.280] [AI] [시스템] ArcFace 모델 로드 성공 (Net 초기화 완료)
[18:17:52.763] [SEND] OK)REG:00101_01001
[18:18:26.767] [SEND] FA)REG:Timeout
[18:22:11.298] [SYS] [설정] 디버그 모드: ON (로그 기록)
[18:22:11.336] [SYS] ============================================
[18:22:11.337] [SYS]     PROGRAM STARTED    
[18:22:11.337] [SYS] ============================================
[18:22:13.102] [AI] [시스템] ArcFace 모델 로드 성공 (Net 초기화 완료)
[18:22:17.580] [SEND] OK)REG:00101_01001
[18:22:51.583] [SEND] FA)REG:Timeout
