[11:56:16.557] [PERF] Socket Opened (Port 5001): 25ms
[11:56:17.287] [PERF] Splash/Icon Visible: 758ms (Diff: 733ms)
[11:56:17.399] [PERF] JNA Library Loaded: 873ms (Diff: 115ms)
[11:56:17.401] [PERF] Before FaceSecApp(): 874ms
[11:56:17.482] [SYS] [설정] 디버그 모드: ON
[11:56:17.488] [SYS] ============================================
[11:56:17.488] [SYS]     PROGRAM STARTED (Fast Text-Init Mode) 
[11:56:17.488] [SYS] ============================================
[11:56:18.095] [PERF] UI Build Finished: 613ms from Constructor start
[11:56:18.098] [PERF] [Thread] AI Loading Started
[11:56:18.100] [PERF] [Thread] OpenCV/DLL Loaded: 2ms
[11:56:18.104] [PERF] App Visible & Ready: 1578ms
[11:56:20.015] [AI] [시스템] ArcFace 모델 로드 성공 (Net 초기화 완료)
[11:56:20.016] [PERF] [Thread] ONNX Model Parsed: 1916ms
[11:56:20.234] [PERF] [Thread] User DB Loaded (234 users): 218ms
[11:56:20.235] [PERF] [Thread] Total AI Setup Time: 2137ms
[11:56:23.118] [SYS] [종료] 사용자가 X 버튼(또는 Alt+F4)으로 종료함
[11:56:24.126] [SYS] ============================================
[11:56:24.127] [SYS]     PROGRAM TERMINATED (Normal Exit)        
[11:56:24.127] [SYS] ============================================
[14:12:16.762] [PERF] Socket Opened (Port 5001): 14ms
[14:12:17.352] [PERF] Splash/Icon Visible: 607ms (Diff: 593ms)
[14:12:17.462] [PERF] JNA Library Loaded: 720ms (Diff: 113ms)
[14:12:17.464] [PERF] Before FaceSecApp(): 721ms
[14:12:17.557] [SYS] [설정] 디버그 모드: ON
[14:12:17.560] [SYS] ============================================
[14:12:17.560] [SYS]     PROGRAM STARTED (Fast Text-Init Mode) 
[14:12:17.560] [SYS] ============================================
[14:12:18.060] [PERF] UI Build Finished: 504ms from Constructor start
[14:12:18.063] [PERF] [Thread] AI Loading Started
[14:12:18.064] [PERF] [Thread] OpenCV/DLL Loaded: 1ms
[14:12:18.073] [PERF] App Visible & Ready: 1331ms
[14:12:19.195] [AI] [시스템] ArcFace 모델 로드 성공 (Net 초기화 완료)
[14:12:19.195] [PERF] [Thread] ONNX Model Parsed: 1131ms
[14:12:19.299] [PERF] [Thread] User DB Loaded (234 users): 103ms
[14:12:19.300] [PERF] [Thread] Total AI Setup Time: 1237ms
[14:12:34.221] [RECV] REG:00101_01001
[14:12:34.222] [SEND] OK)REG:00101_01001
[14:13:08.226] [SEND] FA)REG:Timeout
[14:13:16.216] [RECV] REG:00101_01001
[14:13:16.216] [SEND] OK)REG:00101_01001
[14:13:36.337] [SEND] FA)REG:00101_01001
[14:14:27.945] [RECV] REG:00101_01001
[14:14:27.945] [SEND] OK)REG:00101_01001
[14:14:49.652] [SEND] FA)REG:00101_01001
[14:15:04.954] [RECV] REG:00101_01001
[14:15:04.954] [SEND] OK)REG:00101_01001
[14:15:38.955] [SEND] FA)REG:Timeout
[14:16:09.192] [RECV] REG:00101_01001
[14:16:09.192] [SEND] OK)REG:00101_01001
[14:16:24.216] [SEND] FA)REG:00101_01001
[14:17:23.527] [RECV] REG:00101_01001
[14:17:23.529] [SEND] OK)REG:00101_01001
[14:17:31.221] [SEND] FA)REG:00101_01001
[14:28:26.776] [RECV] REC
[14:28:26.776] [SEND] OK)REC
[14:28:32.746] [SEND] SC)REC:00101_01001
[14:28:51.702] [RECV] REC
[14:28:51.702] [SEND] OK)REC
[14:29:15.704] [SEND] FA)REC
[14:32:02.857] [RECV] REG:00101_02001
[14:32:02.858] [SEND] OK)REG:00101_02001
[14:32:10.121] [SEND] SC)REG:00101_02001
[14:32:18.504] [RECV] REC
[14:32:18.505] [SEND] OK)REC
[14:32:21.590] [WARN] [보안 경고] 중복 사용자 감지 - 합격 기준을 넘은 세대가 2개 있음 (예: 00101_02001, 00101_01001 등). 판독 불가 처리.
[14:32:22.307] [SEND] SC)REC:00101_02001
[14:32:41.063] [RECV] DEL:00101_02001
[14:32:41.066] [SYS] [삭제] 파일 데이터 삭제 완료: 00101_02001
[14:32:41.066] [SYS] [삭제] 메모리 데이터 삭제 완료: 00101_02001
[14:32:41.066] [SEND] SC)DEL:00101_02001
[14:53:29.704] [SYS] [종료] 사용자가 X 버튼(또는 Alt+F4)으로 종료함
[14:53:29.981] [SYS] ============================================
[14:53:29.982] [SYS]     PROGRAM TERMINATED (Normal Exit)        
[14:53:29.982] [SYS] ============================================
[14:59:46.405] [PERF] Socket Opened (Port 5001): 14ms
[14:59:46.905] [PERF] Splash/Icon Visible: 515ms (Diff: 501ms)
[14:59:47.014] [PERF] JNA Library Loaded: 627ms (Diff: 112ms)
[14:59:47.016] [PERF] Before FaceSecApp(): 628ms
[14:59:47.092] [SYS] [설정] 디버그 모드: ON
[14:59:47.096] [SYS] ============================================
[14:59:47.096] [SYS]     PROGRAM STARTED (Fast Text-Init Mode) 
[14:59:47.096] [SYS] ============================================
[14:59:47.545] [PERF] UI Build Finished: 454ms from Constructor start
[14:59:47.548] [PERF] [Thread] AI Loading Started
[14:59:47.550] [PERF] [Thread] OpenCV/DLL Loaded: 2ms
[14:59:47.558] [PERF] App Visible & Ready: 1172ms
[14:59:48.006] [WARN] 초기 카메라 연결 실패. 자동 재연결 모드로 진입합니다.
[14:59:48.457] [AI] [시스템] ArcFace 모델 로드 성공 (Net 초기화 완료)
[14:59:48.458] [PERF] [Thread] ONNX Model Parsed: 908ms
[14:59:48.572] [PERF] [Thread] User DB Loaded (234 users): 114ms
[14:59:48.574] [PERF] [Thread] Total AI Setup Time: 1026ms
[15:00:02.361] [RECV] REC
[15:00:02.363] [SEND] OK)REC
[15:00:26.369] [SEND] FA)REC
[15:02:24.967] [RECV] REC
[15:02:24.967] [SEND] OK)REC
[15:02:41.596] [SEND] FA)REC:Cancelled
[15:07:37.784] [RECV] REC
[15:07:37.785] [SEND] OK)REC
[15:08:01.787] [SEND] FA)REC
[15:08:13.304] [RECV] REC
[15:08:13.304] [SEND] OK)REC
[15:08:37.315] [SEND] FA)REC
[15:08:45.623] [SYS] [종료] 사용자가 X 버튼(또는 Alt+F4)으로 종료함
[15:08:45.911] [SYS] ============================================
[15:08:45.912] [SYS]     PROGRAM TERMINATED (Normal Exit)        
[15:08:45.913] [SYS] ============================================
[15:09:10.308] [PERF] Socket Opened (Port 5001): 14ms
[15:09:10.812] [PERF] Splash/Icon Visible: 520ms (Diff: 506ms)
[15:09:10.921] [PERF] JNA Library Loaded: 632ms (Diff: 112ms)
[15:09:10.923] [PERF] Before FaceSecApp(): 633ms
[15:09:10.996] [SYS] [설정] 디버그 모드: ON
[15:09:10.997] [SYS] ============================================
[15:09:10.998] [SYS]     PROGRAM STARTED (Fast Text-Init Mode) 
[15:09:10.998] [SYS] ============================================
[15:09:11.440] [PERF] UI Build Finished: 445ms from Constructor start
[15:09:11.443] [PERF] [Thread] AI Loading Started
[15:09:11.445] [PERF] [Thread] OpenCV/DLL Loaded: 2ms
[15:09:11.450] [PERF] App Visible & Ready: 1161ms
[15:09:12.273] [AI] [시스템] ArcFace 모델 로드 성공 (Net 초기화 완료)
[15:09:12.274] [PERF] [Thread] ONNX Model Parsed: 828ms
[15:09:12.374] [PERF] [Thread] User DB Loaded (234 users): 101ms
[15:09:12.375] [PERF] [Thread] Total AI Setup Time: 932ms
[15:09:15.834] [RECV] REC
[15:09:15.834] [SEND] OK)REC
[15:09:39.837] [SEND] FA)REC
[15:10:00.296] [RECV] REC
[15:10:00.296] [SEND] OK)REC
[15:10:24.300] [SEND] FA)REC
[15:48:08.310] [PERF] Socket Opened (Port 5001): 15ms
[15:48:08.815] [PERF] Splash/Icon Visible: 521ms (Diff: 506ms)
[15:48:08.944] [PERF] JNA Library Loaded: 652ms (Diff: 131ms)
[15:48:08.945] [PERF] Before FaceSecApp(): 653ms
[15:48:09.029] [SYS] [설정] 디버그 모드: ON
[15:48:09.032] [SYS] ============================================
[15:48:09.032] [SYS]     PROGRAM STARTED (Fast Text-Init Mode) 
[15:48:09.032] [SYS] ============================================
[15:48:09.492] [PERF] UI Build Finished: 464ms from Constructor start
[15:48:09.494] [PERF] [Thread] AI Loading Started
[15:48:09.497] [PERF] [Thread] OpenCV/DLL Loaded: 2ms
[15:48:09.503] [PERF] App Visible & Ready: 1212ms
[15:48:10.472] [AI] [시스템] ArcFace 모델 로드 성공 (Net 초기화 완료)
[15:48:10.472] [PERF] [Thread] ONNX Model Parsed: 976ms
[15:48:10.578] [PERF] [Thread] User DB Loaded (234 users): 106ms
[15:48:10.579] [PERF] [Thread] Total AI Setup Time: 1085ms
[15:48:25.337] [RECV] DEL:00101_01001
[15:48:25.419] [SEND] SC)DEL:00101_01001
[15:48:39.752] [RECV] DEL:00101_01001
[15:48:39.752] [SEND] FA)DEL:Not Found
[15:48:53.575] [RECV] REG:00101_01001
[15:48:53.575] [SEND] OK)REG:00101_01001
[15:49:07.761] [SEND] SC)REG:00101_01001
[15:49:45.494] [PERF] Socket Opened (Port 5001): 21ms
[15:49:46.080] [PERF] Splash/Icon Visible: 610ms (Diff: 589ms)
[15:49:46.203] [PERF] JNA Library Loaded: 735ms (Diff: 125ms)
[15:49:46.207] [PERF] Before FaceSecApp(): 737ms
[15:49:46.287] [SYS] [설정] 디버그 모드: ON
[15:49:46.293] [SYS] ============================================
[15:49:46.293] [SYS]     PROGRAM STARTED (Fast Text-Init Mode) 
[15:49:46.293] [SYS] ============================================
[15:49:47.199] [PERF] UI Build Finished: 914ms from Constructor start
[15:49:47.206] [PERF] [Thread] AI Loading Started
[15:49:47.207] [PERF] [Thread] OpenCV/DLL Loaded: 1ms
[15:49:47.213] [PERF] App Visible & Ready: 1745ms
[15:49:48.147] [AI] [시스템] ArcFace 모델 로드 성공 (Net 초기화 완료)
[15:49:48.148] [PERF] [Thread] ONNX Model Parsed: 940ms
[15:49:48.377] [PERF] [Thread] User DB Loaded (196 users): 230ms
[15:49:48.378] [PERF] [Thread] Total AI Setup Time: 1172ms
[15:49:52.475] [RECV] REG:00101_01001
[15:49:52.475] [SEND] OK)REG:00101_01001
[15:50:05.872] [SEND] SC)REG:00101_01001
[15:50:19.113] [RECV] DEL:00101_01001
[15:50:19.116] [SYS] [삭제] 파일 데이터 삭제 완료: 00101_01001
[15:50:19.116] [SYS] [삭제] 메모리 데이터 삭제 완료: 00101_01001
[15:50:19.117] [SEND] SC)DEL:00101_01001
[15:50:22.295] [RECV] DEL:00101_01001
[15:50:22.295] [SEND] SC)DEL:00101_01001
[15:50:25.591] [RECV] DEL:00101_01001
[15:50:25.591] [SEND] SC)DEL:00101_01001
