[10:48:01.996] [SYS] [설정] 디버그 모드: ON (로그 기록)
[10:48:02.031] [SYS] ============================================
[10:48:02.031] [SYS]     PROGRAM STARTED    
[10:48:02.033] [SYS] ============================================
[10:48:04.151] [AI] [시스템] ArcFace 모델 로드 성공 (Net 초기화 완료)
[10:49:06.226] [SYS] [설정] 디버그 모드: ON (로그 기록)
[10:49:06.262] [SYS] ============================================
[10:49:06.263] [SYS]     PROGRAM STARTED    
[10:49:06.263] [SYS] ============================================
[10:49:07.557] [AI] [시스템] ArcFace 모델 로드 성공 (Net 초기화 완료)
[10:52:21.762] [SYS] [설정] 디버그 모드: ON (로그 기록)
[10:52:21.798] [SYS] ============================================
[10:52:21.799] [SYS]     PROGRAM STARTED    
[10:52:21.800] [SYS] ============================================
[10:52:23.065] [AI] [시스템] ArcFace 모델 로드 성공 (Net 초기화 완료)
[14:03:53.755] [SYS] [설정] 디버그 모드: ON (로그 기록)
[14:03:53.790] [SYS] ============================================
[14:03:53.791] [SYS]     PROGRAM STARTED    
[14:03:53.791] [SYS] ============================================
[14:03:55.918] [AI] [시스템] ArcFace 모델 로드 성공 (Net 초기화 완료)
[14:03:56.982] [SEND] OK)REC
[14:04:02.297] [SEND] SC)REC:00101_01001
[14:04:06.708] [SEND] OK)REG:00101_01001
[14:04:20.800] [SEND] SC)REG:00101_01001
[14:06:49.443] [SYS] [설정] 디버그 모드: ON (로그 기록)
[14:06:49.478] [SYS] ============================================
[14:06:49.478] [SYS]     PROGRAM STARTED    
[14:06:49.480] [SYS] ============================================
[14:06:50.710] [AI] [시스템] ArcFace 모델 로드 성공 (Net 초기화 완료)
[14:06:53.271] [SEND] OK)REG:00101_01001
[14:06:58.706] [SEND] SC)REG:00101_01001
[14:07:33.252] [SEND] OK)REG:00101_01001
[14:07:43.073] [SEND] SC)REG:00101_01001
[15:29:53.213] [SYS] [설정] 디버그 모드: ON (로그 기록)
[15:29:53.259] [SYS] ============================================
[15:29:53.260] [SYS]     PROGRAM STARTED    
[15:29:53.260] [SYS] ============================================
[15:33:16.411] [SYS] [설정] 디버그 모드: ON (로그 기록)
[15:33:16.448] [SYS] ============================================
[15:33:16.448] [SYS]     PROGRAM STARTED    
[15:33:16.449] [SYS] ============================================
[15:33:17.724] [AI] [시스템] ArcFace 모델 로드 성공 (Net 초기화 완료)
[15:33:21.268] [SEND] OK)REC
[15:33:26.287] [SEND] SC)REC:00101_01001
[16:32:17.726] [SYS] [설정] 디버그 모드: ON (로그 기록)
[16:32:17.762] [SYS] ============================================
[16:32:17.762] [SYS]     PROGRAM STARTED    
[16:32:17.763] [SYS] ============================================
[16:32:19.134] [AI] [시스템] ArcFace 모델 로드 성공 (Net 초기화 완료)
[16:32:19.430] [SEND] OK)REC
[16:32:23.794] [SEND] SC)REC:00101_01001
[16:32:51.568] [SEND] OK)REG:00101_01001
[16:33:02.446] [SEND] SC)REG:00101_01001
[17:35:03.815] [SYS] [설정] 디버그 모드: ON (로그 기록)
[17:35:03.850] [SYS] ============================================
[17:35:03.851] [SYS]     PROGRAM STARTED    
[17:35:03.851] [SYS] ============================================
[17:35:05.235] [AI] [시스템] ArcFace 모델 로드 성공 (Net 초기화 완료)
