[10:30:30.721] [PERF] Socket Opened (Port 5001): 16ms
[10:30:31.273] [PERF] Splash/Icon Visible: 568ms (Diff: 552ms)
[10:30:31.384] [PERF] JNA Library Loaded: 683ms (Diff: 115ms)
[10:30:31.385] [PERF] Before FaceSecApp(): 683ms
[10:30:31.464] [SYS] [설정] 디버그 모드: ON
[10:30:31.466] [SYS] ============================================
[10:30:31.467] [SYS]     PROGRAM STARTED (Fast Text-Init Mode) 
[10:30:31.467] [SYS] ============================================
[10:30:32.064] [PERF] UI Build Finished: 601ms from Constructor start
[10:30:32.066] [PERF] [Thread] AI Loading Started
[10:30:32.069] [PERF] [Thread] OpenCV/DLL Loaded: 3ms
[10:30:32.081] [PERF] App Visible & Ready: 1380ms
[10:30:33.974] [AI] [시스템] ArcFace 모델 로드 성공 (Net 초기화 완료)
[10:30:33.974] [PERF] [Thread] ONNX Model Parsed: 1905ms
[10:30:34.085] [PERF] [Thread] User DB Loaded (233 users): 111ms
[10:30:34.086] [PERF] [Thread] Total AI Setup Time: 2020ms
[10:30:48.030] [SEND] OK)REC
[10:30:51.436] [SEND] SC)REC:00101_01001
[11:05:01.509] [SEND] OK)REG:00101_01001
[11:05:07.416] [SEND] SC)REG:00101_01001
[11:06:42.579] [SEND] OK)REC
[11:06:48.358] [SEND] SC)REC:00101_01001
[11:44:06.514] [PERF] Socket Opened (Port 5001): 23ms
[11:44:07.189] [PERF] Splash/Icon Visible: 699ms (Diff: 676ms)
[11:44:07.431] [PERF] JNA Library Loaded: 945ms (Diff: 246ms)
[11:44:07.433] [PERF] Before FaceSecApp(): 946ms
[11:44:07.518] [SYS] [설정] 디버그 모드: ON
[11:44:07.521] [SYS] ============================================
[11:44:07.521] [SYS]     PROGRAM STARTED (Fast Text-Init Mode) 
[11:44:07.521] [SYS] ============================================
[11:44:08.085] [PERF] UI Build Finished: 568ms from Constructor start
[11:44:08.090] [PERF] [Thread] AI Loading Started
[11:44:08.092] [PERF] [Thread] OpenCV/DLL Loaded: 2ms
[11:44:08.100] [PERF] App Visible & Ready: 1613ms
[11:44:09.360] [AI] [시스템] ArcFace 모델 로드 성공 (Net 초기화 완료)
[11:44:09.361] [PERF] [Thread] ONNX Model Parsed: 1268ms
[11:44:09.502] [PERF] [Thread] User DB Loaded (234 users): 142ms
[11:44:09.504] [PERF] [Thread] Total AI Setup Time: 1413ms
[11:44:43.797] [SEND] OK)REC
[11:44:47.174] [SEND] SC)REC:00101_01001
