[16:02:32.895] [SYS] ============================================
[16:02:32.928] [SYS]     PROGRAM STARTED    
[16:02:32.930] [SYS] ============================================
[16:02:32.934] [SYS] [설정] 디버그 모드: ON (로그 기록)
[16:02:32.935] [SYS] [설정] 캡처 저장 경로 변경됨: C:\CAM1
[16:02:35.391] [AI] [시스템] ArcFace 모델 로드 성공 (Net 초기화 완료)
[16:02:35.583] [SYS] [시스템] 데이터 로딩 완료: 201명
[16:02:36.760] [SYS] [시스템] 소켓 서버와 UI 연결 완료
[16:02:48.524] [RECV] rec
[16:02:48.525] [SEND] OK)REC
[16:02:52.089] [SEND] SC)REC:00101_01001
[16:03:09.369] [RECV] REG:00101_01001
[16:03:09.371] [SEND] OK)REG:00101_01001
[16:03:16.770] [SEND] SC)REG:00101_01001
[16:04:14.132] [RECV] cap
[16:04:14.133] [SEND] OK)CAP
[16:04:14.246] [SEND] SC)CAP
[16:18:57.457] [SYS] ============================================
[16:18:57.494] [SYS]     PROGRAM STARTED    
[16:18:57.494] [SYS] ============================================
[16:18:57.496] [SYS] [설정] 디버그 모드: ON (로그 기록)
[16:18:57.498] [SYS] [설정] 캡처 저장 경로 변경됨: C:\CAM1
[16:19:00.299] [AI] [시스템] ArcFace 모델 로드 성공 (Net 초기화 완료)
[16:19:00.401] [SYS] [시스템] 데이터 로딩 완료: 202명
[16:19:01.249] [SYS] [시스템] 소켓 서버와 UI 연결 완료
[16:19:05.688] [RECV] rec
[16:19:05.689] [SEND] OK)REC
[16:19:08.960] [SEND] SC)REC:00101_01001
[16:20:55.011] [SYS] ============================================
[16:20:55.044] [SYS]     PROGRAM STARTED    
[16:20:55.045] [SYS] ============================================
[16:20:55.046] [SYS] [설정] 디버그 모드: ON (로그 기록)
[16:20:55.047] [SYS] [설정] 캡처 저장 경로 변경됨: C:\CAM1
[16:20:57.710] [AI] [시스템] ArcFace 모델 로드 성공 (Net 초기화 완료)
[16:20:57.801] [SYS] [시스템] 데이터 로딩 완료: 202명
[16:20:58.630] [SYS] [시스템] 소켓 서버와 UI 연결 완료
[16:21:00.551] [RECV] rec
[16:21:00.552] [SEND] OK)REC
[16:21:03.976] [SEND] SC)REC:00101_01001
[16:30:18.678] [RECV] rec
[16:30:18.679] [SEND] OK)REC
[16:30:21.579] [SEND] SC)REC:00101_01001
[16:31:27.766] [SYS] ============================================
[16:31:27.802] [SYS]     PROGRAM STARTED    
[16:31:27.803] [SYS] ============================================
[16:31:27.805] [SYS] [설정] 캡처 저장 경로 변경됨: C:\CAM1
[16:31:30.477] [AI] [시스템] ArcFace 모델 로드 성공 (Net 초기화 완료)
[16:31:30.566] [SYS] [시스템] 데이터 로딩 완료: 202명
[16:31:31.383] [SYS] [시스템] 소켓 서버와 UI 연결 완료
[16:31:34.743] [RECV] rec
[16:31:34.744] [SEND] OK)REC
[16:31:38.088] [SEND] SC)REC:00101_01001
[16:35:53.330] [SYS] ============================================
[16:35:53.364] [SYS]     PROGRAM STARTED    
[16:35:53.365] [SYS] ============================================
[16:35:53.367] [SYS] [설정] 캡처 저장 경로 변경됨: C:\CAM1
[16:35:56.043] [AI] [시스템] ArcFace 모델 로드 성공 (Net 초기화 완료)
[16:35:56.136] [SYS] [시스템] 데이터 로딩 완료: 202명
[16:35:56.961] [SYS] [시스템] 소켓 서버와 UI 연결 완료
[16:35:59.880] [RECV] rec
[16:35:59.881] [SEND] OK)REC
[16:36:03.178] [SEND] SC)REC:00101_01001
[16:47:50.519] [SYS] ============================================
[16:47:50.552] [SYS]     PROGRAM STARTED    
[16:47:50.552] [SYS] ============================================
[16:47:50.554] [SYS] [설정] 캡처 저장 경로 변경됨: C:\CAM1
[16:47:53.354] [AI] [시스템] ArcFace 모델 로드 성공 (Net 초기화 완료)
[16:47:53.450] [SYS] [시스템] 데이터 로딩 완료: 202명
[16:47:54.292] [SYS] [시스템] 소켓 서버와 UI 연결 완료
[16:47:54.810] [RECV] rec
[16:47:54.811] [SEND] OK)REC
[16:47:58.148] [SEND] SC)REC:00101_01001
[16:48:02.902] [RECV] rec
[16:48:02.904] [SEND] OK)REC
[16:48:05.827] [SEND] SC)REC:00101_01001
[16:48:50.309] [SYS] ============================================
[16:48:50.344] [SYS]     PROGRAM STARTED    
[16:48:50.345] [SYS] ============================================
[16:48:50.347] [SYS] [설정] 캡처 저장 경로 변경됨: C:\CAM1
[16:48:53.229] [AI] [시스템] ArcFace 모델 로드 성공 (Net 초기화 완료)
[16:48:53.331] [SYS] [시스템] 데이터 로딩 완료: 202명
[16:48:54.175] [SYS] [시스템] 소켓 서버와 UI 연결 완료
[16:48:54.793] [RECV] rec
[16:48:54.794] [SEND] OK)REC
[16:48:58.128] [SEND] SC)REC:00101_01001
[16:49:04.902] [RECV] REG:00101_01001
[16:49:04.904] [SEND] OK)REG:00101_01001
[16:49:17.830] [SEND] FA)REG:00101_01001
[16:49:52.439] [RECV] REG:00101_01001
[16:49:52.439] [SEND] OK)REG:00101_01001
[16:50:10.382] [SEND] FA)REG:00101_01001
[16:50:55.754] [SYS] ============================================
[16:50:55.789] [SYS]     PROGRAM STARTED    
[16:50:55.790] [SYS] ============================================
[16:50:55.792] [SYS] [설정] 캡처 저장 경로 변경됨: C:\CAM1
[16:50:58.473] [AI] [시스템] ArcFace 모델 로드 성공 (Net 초기화 완료)
[16:50:58.560] [SYS] [시스템] 데이터 로딩 완료: 202명
[16:50:59.381] [SYS] [시스템] 소켓 서버와 UI 연결 완료
[16:51:04.969] [RECV] REG:00101_01001
[16:51:04.971] [SEND] OK)REG:00101_01001
[16:51:11.668] [SEND] FA)REG:00101_01001
[16:53:01.328] [SYS] ============================================
[16:53:01.362] [SYS]     PROGRAM STARTED    
[16:53:01.363] [SYS] ============================================
[16:53:01.364] [SYS] [설정] 캡처 저장 경로 변경됨: C:\CAM1
[16:53:04.041] [RECV] REG:00101_01001
[16:53:04.181] [AI] [시스템] ArcFace 모델 로드 성공 (Net 초기화 완료)
[16:53:04.275] [SYS] [시스템] 데이터 로딩 완료: 202명
[16:53:05.105] [SYS] [시스템] 소켓 서버와 UI 연결 완료
[16:53:08.438] [RECV] REG:00101_01001
[16:53:08.439] [SEND] OK)REG:00101_01001
[16:53:14.126] [SEND] FA)REG:00101_01001
[16:56:02.126] [SYS] ============================================
[16:56:02.160] [SYS]     PROGRAM STARTED    
[16:56:02.161] [SYS] ============================================
[16:56:02.163] [SYS] [설정] 캡처 저장 경로 변경됨: C:\CAM1
[16:56:04.891] [AI] [시스템] ArcFace 모델 로드 성공 (Net 초기화 완료)
[16:56:04.989] [SYS] [시스템] 데이터 로딩 완료: 202명
[16:56:05.840] [SYS] [시스템] 소켓 서버와 UI 연결 완료
[16:56:09.866] [RECV] REG:00101_01001
[16:56:09.867] [SEND] OK)REG:00101_01001
[16:56:29.565] [SEND] FA)REG:00101_01001
[16:56:39.005] [SYS] ============================================
[16:56:39.038] [SYS]     PROGRAM STARTED    
[16:56:39.039] [SYS] ============================================
[16:56:39.041] [SYS] [설정] 캡처 저장 경로 변경됨: C:\CAM1
[16:56:41.858] [AI] [시스템] ArcFace 모델 로드 성공 (Net 초기화 완료)
[16:56:41.947] [SYS] [시스템] 데이터 로딩 완료: 202명
[16:56:42.763] [SYS] [시스템] 소켓 서버와 UI 연결 완료
[16:56:43.865] [RECV] REG:00101_01001
[16:56:43.866] [SEND] OK)REG:00101_01001
[16:56:54.844] [SEND] FA)REG:00101_01001
[16:57:08.506] [SYS] ============================================
[16:57:08.540] [SYS]     PROGRAM STARTED    
[16:57:08.541] [SYS] ============================================
[16:57:08.543] [SYS] [설정] 캡처 저장 경로 변경됨: C:\CAM1
[16:57:11.209] [AI] [시스템] ArcFace 모델 로드 성공 (Net 초기화 완료)
[16:57:11.296] [SYS] [시스템] 데이터 로딩 완료: 202명
[16:57:12.115] [SYS] [시스템] 소켓 서버와 UI 연결 완료
[16:57:15.864] [RECV] REG:00101_01001
[16:57:15.866] [SEND] OK)REG:00101_01001
[16:57:21.018] [SEND] FA)REG:00101_01001
[16:57:28.386] [SYS] ============================================
[16:57:28.421] [SYS]     PROGRAM STARTED    
[16:57:28.421] [SYS] ============================================
[16:57:28.425] [SYS] [설정] 캡처 저장 경로 변경됨: C:\CAM1
[16:57:31.127] [AI] [시스템] ArcFace 모델 로드 성공 (Net 초기화 완료)
[16:57:31.220] [SYS] [시스템] 데이터 로딩 완료: 202명
[16:57:32.048] [SYS] [시스템] 소켓 서버와 UI 연결 완료
[16:57:38.380] [RECV] REG:00101_01001
[16:57:38.382] [SEND] OK)REG:00101_01001
[16:58:02.246] [SEND] FA)REG:00101_01001
[16:59:19.367] [RECV] REG:00101_01001
[16:59:19.368] [SEND] OK)REG:00101_01001
[16:59:33.797] [SEND] FA)REG:00101_01001
[16:59:48.775] [SYS] ============================================
[16:59:48.813] [SYS]     PROGRAM STARTED    
[16:59:48.814] [SYS] ============================================
[16:59:48.816] [SYS] [설정] 캡처 저장 경로 변경됨: C:\CAM1
[16:59:51.520] [AI] [시스템] ArcFace 모델 로드 성공 (Net 초기화 완료)
[16:59:51.610] [SYS] [시스템] 데이터 로딩 완료: 202명
[16:59:52.431] [SYS] [시스템] 소켓 서버와 UI 연결 완료
[16:59:53.449] [RECV] REG:00101_01001
[16:59:53.450] [SEND] OK)REG:00101_01001
[17:00:05.298] [SEND] FA)REG:00101_01001
[17:00:51.910] [SYS] ============================================
[17:00:51.944] [SYS]     PROGRAM STARTED    
[17:00:51.945] [SYS] ============================================
[17:00:51.949] [SYS] [설정] 캡처 저장 경로 변경됨: C:\CAM1
[17:00:54.793] [RECV] REG:00101_01001
[17:00:54.871] [AI] [시스템] ArcFace 모델 로드 성공 (Net 초기화 완료)
[17:00:54.967] [SYS] [시스템] 데이터 로딩 완료: 202명
[17:00:55.812] [SYS] [시스템] 소켓 서버와 UI 연결 완료
[17:00:57.480] [RECV] REG:00101_01001
[17:00:57.481] [SEND] OK)REG:00101_01001
[17:01:08.939] [SEND] FA)REG:00101_01001
[17:03:16.549] [SYS] ============================================
[17:03:16.581] [SYS]     PROGRAM STARTED    
[17:03:16.582] [SYS] ============================================
[17:03:16.584] [SYS] [설정] 캡처 저장 경로 변경됨: C:\CAM1
[17:03:19.389] [AI] [시스템] ArcFace 모델 로드 성공 (Net 초기화 완료)
[17:03:19.489] [SYS] [시스템] 데이터 로딩 완료: 202명
[17:03:20.318] [SYS] [시스템] 소켓 서버와 UI 연결 완료
[17:03:25.657] [RECV] REG:00101_01001
[17:03:25.658] [SEND] OK)REG:00101_01001
[17:03:38.165] [SEND] FA)REG:00101_01001
[17:07:48.946] [SYS] ============================================
[17:07:48.979] [SYS]     PROGRAM STARTED    
[17:07:48.979] [SYS] ============================================
[17:07:48.982] [SYS] [설정] 캡처 저장 경로 변경됨: C:\CAM1
[17:07:51.773] [AI] [시스템] ArcFace 모델 로드 성공 (Net 초기화 완료)
[17:07:51.874] [SYS] [시스템] 데이터 로딩 완료: 202명
[17:07:52.705] [SYS] [시스템] 소켓 서버와 UI 연결 완료
[17:07:53.227] [RECV] REG:00101_01001
[17:07:53.228] [SEND] OK)REG:00101_01001
[17:08:11.677] [SEND] FA)REG:00101_01001
[17:08:24.632] [RECV] REG:00101_01001
[17:08:24.632] [SEND] OK)REG:00101_01001
[17:08:41.871] [SEND] FA)REG:00101_01001
[17:13:30.323] [SYS] ============================================
[17:13:30.356] [SYS]     PROGRAM STARTED    
[17:13:30.357] [SYS] ============================================
[17:13:30.360] [SYS] [설정] 캡처 저장 경로 변경됨: C:\CAM1
[17:13:33.052] [AI] [시스템] ArcFace 모델 로드 성공 (Net 초기화 완료)
[17:13:33.141] [SYS] [시스템] 데이터 로딩 완료: 202명
[17:13:33.963] [SYS] [시스템] 소켓 서버와 UI 연결 완료
[17:13:39.626] [RECV] REG:00101_01001
[17:13:39.627] [SEND] OK)REG:00101_01001
[17:14:09.466] [SEND] FA)REG:00101_01001
[17:19:03.882] [SYS] ============================================
[17:19:03.915] [SYS]     PROGRAM STARTED    
[17:19:03.916] [SYS] ============================================
[17:19:03.918] [SYS] [설정] 캡처 저장 경로 변경됨: C:\CAM1
[17:19:06.601] [AI] [시스템] ArcFace 모델 로드 성공 (Net 초기화 완료)
[17:19:06.694] [SYS] [시스템] 데이터 로딩 완료: 202명
[17:19:07.520] [SYS] [시스템] 소켓 서버와 UI 연결 완료
[17:19:09.562] [RECV] REG:00101_01001
[17:19:09.563] [SEND] OK)REG:00101_01001
[17:19:32.453] [SEND] FA)REG:00101_01001
[17:26:42.612] [SYS] ============================================
[17:26:42.644] [SYS]     PROGRAM STARTED    
[17:26:42.644] [SYS] ============================================
[17:26:42.646] [SYS] [설정] 캡처 저장 경로 변경됨: C:\CAM1
[17:26:45.369] [AI] [시스템] ArcFace 모델 로드 성공 (Net 초기화 완료)
[17:26:45.466] [SYS] [시스템] 데이터 로딩 완료: 202명
[17:26:46.140] [RECV] REG:00101_01001
[17:26:46.292] [SYS] [시스템] 소켓 서버와 UI 연결 완료
[17:26:48.600] [RECV] REG:00101_01001
[17:26:48.601] [SEND] OK)REG:00101_01001
[17:27:20.605] [SEND] FA)REG:Timeout
[17:31:54.871] [SYS] ============================================
[17:31:54.910] [SYS]     PROGRAM STARTED    
[17:31:54.911] [SYS] ============================================
[17:31:54.913] [SYS] [설정] 캡처 저장 경로 변경됨: C:\CAM1
[17:31:57.654] [AI] [시스템] ArcFace 모델 로드 성공 (Net 초기화 완료)
[17:31:57.757] [SYS] [시스템] 데이터 로딩 완료: 202명
[17:31:58.588] [SYS] [시스템] 소켓 서버와 UI 연결 완료
[17:32:04.683] [RECV] REG:00101_01001
[17:32:04.685] [SEND] OK)REG:00101_01001
[17:32:23.785] [SEND] FA)REG:00101_01001
[17:34:36.187] [SYS] ============================================
[17:34:36.219] [SYS]     PROGRAM STARTED    
[17:34:36.221] [SYS] ============================================
[17:34:36.222] [SYS] [설정] 캡처 저장 경로 변경됨: C:\CAM1
[17:34:39.119] [AI] [시스템] ArcFace 모델 로드 성공 (Net 초기화 완료)
[17:34:39.244] [SYS] [시스템] 데이터 로딩 완료: 202명
[17:34:40.276] [SYS] [시스템] 소켓 서버와 UI 연결 완료
[17:34:40.985] [RECV] REG:00101_01001
[17:34:40.986] [SEND] OK)REG:00101_01001
[17:34:54.928] [SEND] FA)REG:00101_01001
[17:35:04.073] [RECV] REG:00101_01001
[17:35:04.074] [SEND] OK)REG:00101_01001
[17:35:10.754] [SEND] FA)REG:00101_01001
[17:40:13.559] [SYS] ============================================
[17:40:13.591] [SYS]     PROGRAM STARTED    
[17:40:13.592] [SYS] ============================================
[17:40:13.593] [SYS] [설정] 캡처 저장 경로 변경됨: C:\CAM1
[17:40:16.300] [AI] [시스템] ArcFace 모델 로드 성공 (Net 초기화 완료)
[17:40:16.390] [SYS] [시스템] 데이터 로딩 완료: 202명
[17:40:17.218] [SYS] [시스템] 소켓 서버와 UI 연결 완료
[17:40:19.035] [RECV] REG:00101_01001
[17:40:19.036] [SEND] OK)REG:00101_01001
[17:40:30.414] [SEND] FA)REG:00101_01001
[17:41:27.632] [SYS] ============================================
[17:41:27.667] [SYS]     PROGRAM STARTED    
[17:41:27.668] [SYS] ============================================
[17:41:27.670] [SYS] [설정] 캡처 저장 경로 변경됨: C:\CAM1
[17:41:30.406] [AI] [시스템] ArcFace 모델 로드 성공 (Net 초기화 완료)
[17:41:30.499] [SYS] [시스템] 데이터 로딩 완료: 202명
[17:41:31.330] [SYS] [시스템] 소켓 서버와 UI 연결 완료
[17:41:32.746] [RECV] REG:00101_01001
[17:41:32.747] [SEND] OK)REG:00101_01001
[17:41:40.491] [SEND] SC)REG:00101_01001
[17:42:01.785] [RECV] REG:00101_01001
[17:42:01.785] [SEND] OK)REG:00101_01001
[17:42:06.451] [SEND] SC)REG:00101_01001
[17:43:56.526] [SYS] ============================================
[17:43:56.560] [SYS]     PROGRAM STARTED    
[17:43:56.560] [SYS] ============================================
[17:43:56.562] [SYS] [설정] 캡처 저장 경로 변경됨: C:\CAM1
[17:43:59.288] [AI] [시스템] ArcFace 모델 로드 성공 (Net 초기화 완료)
[17:43:59.392] [SYS] [시스템] 데이터 로딩 완료: 204명
[17:44:00.264] [SYS] [시스템] 소켓 서버와 UI 연결 완료
[17:44:01.964] [RECV] REG:00101_01001
[17:44:01.965] [SEND] OK)REG:00101_01001
[17:44:13.608] [SEND] SC)REG:00101_01001
[17:45:48.515] [SYS] ============================================
[17:45:48.548] [SYS]     PROGRAM STARTED    
[17:45:48.549] [SYS] ============================================
[17:45:48.551] [SYS] [설정] 캡처 저장 경로 변경됨: C:\CAM1
[17:45:51.273] [AI] [시스템] ArcFace 모델 로드 성공 (Net 초기화 완료)
[17:45:51.367] [SYS] [시스템] 데이터 로딩 완료: 205명
[17:45:52.194] [SYS] [시스템] 소켓 서버와 UI 연결 완료
[17:45:54.075] [RECV] REG:00101_01001
[17:45:54.076] [SEND] OK)REG:00101_01001
[17:46:02.269] [SEND] SC)REG:00101_01001
[17:47:52.070] [SYS] ============================================
[17:47:52.102] [SYS]     PROGRAM STARTED    
[17:47:52.103] [SYS] ============================================
[17:47:52.105] [SYS] [설정] 캡처 저장 경로 변경됨: C:\CAM1
[17:47:54.826] [AI] [시스템] ArcFace 모델 로드 성공 (Net 초기화 완료)
[17:47:54.922] [SYS] [시스템] 데이터 로딩 완료: 206명
[17:47:55.749] [SYS] [시스템] 소켓 서버와 UI 연결 완료
[17:47:57.499] [RECV] REG:00101_01001
[17:47:57.500] [SEND] OK)REG:00101_01001
[17:48:07.964] [SEND] SC)REG:00101_01001
[17:52:01.529] [SYS] ============================================
[17:52:01.563] [SYS]     PROGRAM STARTED    
[17:52:01.565] [SYS] ============================================
[17:52:01.567] [SYS] [설정] 캡처 저장 경로 변경됨: C:\CAM1
[17:52:04.295] [AI] [시스템] ArcFace 모델 로드 성공 (Net 초기화 완료)
[17:52:04.387] [SYS] [시스템] 데이터 로딩 완료: 207명
[17:52:05.206] [SYS] [시스템] 소켓 서버와 UI 연결 완료
[17:52:05.531] [RECV] REG:00101_01001
[17:52:05.533] [SEND] OK)REG:00101_01001
[17:52:16.158] [SEND] SC)REG:00101_01001
[17:53:41.578] [SYS] ============================================
[17:53:41.612] [SYS]     PROGRAM STARTED    
[17:53:41.613] [SYS] ============================================
[17:53:41.614] [SYS] [설정] 디버그 모드: ON (로그 기록)
[17:53:41.616] [SYS] [설정] 캡처 저장 경로 변경됨: C:\CAM1
[17:53:42.796] [AI] [시스템] ArcFace 모델 로드 성공 (Net 초기화 완료)
[17:53:42.891] [SYS] [시스템] 데이터 로딩 완료: 208명
[17:53:43.803] [SYS] [시스템] 소켓 서버와 UI 연결 완료
[17:53:48.571] [RECV] REG:00101_01001
[17:53:48.573] [SEND] OK)REG:00101_01001
[17:53:58.813] [SEND] FA)REG:00101_01001
[17:54:16.119] [SYS] ============================================
[17:54:16.153] [SYS]     PROGRAM STARTED    
[17:54:16.154] [SYS] ============================================
[17:54:16.156] [SYS] [설정] 디버그 모드: ON (로그 기록)
[17:54:16.158] [SYS] [설정] 캡처 저장 경로 변경됨: C:\CAM1
[17:54:17.389] [AI] [시스템] ArcFace 모델 로드 성공 (Net 초기화 완료)
[17:54:17.482] [SYS] [시스템] 데이터 로딩 완료: 208명
[17:54:18.411] [SYS] [시스템] 소켓 서버와 UI 연결 완료
[17:54:31.073] [SYS] ============================================
[17:54:31.105] [SYS]     PROGRAM STARTED    
[17:54:31.106] [SYS] ============================================
[17:54:31.107] [SYS] [설정] 디버그 모드: ON (로그 기록)
[17:54:31.109] [SYS] [설정] 캡처 저장 경로 변경됨: C:\CAM1
[17:54:32.309] [AI] [시스템] ArcFace 모델 로드 성공 (Net 초기화 완료)
[17:54:32.398] [SYS] [시스템] 데이터 로딩 완료: 208명
[17:54:33.317] [SYS] [시스템] 소켓 서버와 UI 연결 완료
[17:54:35.787] [RECV] REG:00101_01001
[17:54:35.789] [SEND] OK)REG:00101_01001
[17:54:43.317] [SEND] SC)REG:00101_01001
